make all --print-data-base --no-builtin-variables --no-builtin-rules --question
# GNU Make 4.2.1
# Built for x86_64-pc-linux-gnu
# Copyright (C) 1988-2016 Free Software Foundation, Inc.
# License GPLv3+: GNU GPL version 3 or later <http://gnu.org/licenses/gpl.html>
# This is free software: you are free to change and redistribute it.
# There is NO WARRANTY, to the extent permitted by law.

# Make data base, printed on Mon Nov 22 19:47:33 2021

# Variables

# automatic
<D = $(patsubst %/,%,$(dir $<))
# automatic
?F = $(notdir $?)
# environment
WSLENV = VSCODE_WSL_EXT_LOCATION/up
# default
.SHELLFLAGS := -c
# makefile (from 'Makefile', line 11)
OBJ = tree.o symtable.o semantic.o
# environment
VSCODE_AGENT_FOLDER = /home/rbabek/.vscode-server
# environment
VSCODE_LOG_NATIVE = false
# automatic
?D = $(patsubst %/,%,$(dir $?))
# automatic
@D = $(patsubst %/,%,$(dir $@))
# automatic
@F = $(notdir $@)
# makefile
CURDIR := /home/rbabek/IFJ/ifj21/semantic analyzer
# makefile
SHELL = /bin/sh
# environment
VSCODE_NLS_CONFIG = {"locale":"en","availableLanguages":{}}
# environment
_ = /home/rbabek/.vscode-server/bin/ccbaa2d27e38e5afa3e5c21c1c7bef4657064247/node
# makefile (from 'Makefile', line 10)
CFLAGS = -std=c99 -pedantic -Wall -Wextra -g
# makefile (from 'Makefile', line 1)
MAKEFILE_LIST :=  Makefile
# 'override' directive
GNUMAKEFLAGS := 
# environment
XDG_DATA_DIRS = /usr/local/share:/usr/share:/var/lib/snapd/desktop
# environment
VSCODE_VERBOSE_LOGGING = true
# environment
VSCODE_CWD = /mnt/c/Users/User/AppData/Local/Programs/Microsoft VS Code
# default
MAKE_HOST := x86_64-pc-linux-gnu
# environment
PATH = /home/rbabek/.vscode-server/bin/ccbaa2d27e38e5afa3e5c21c1c7bef4657064247/bin:/usr/local/sbin:/usr/local/bin:/usr/sbin:/usr/bin:/sbin:/bin:/usr/games:/usr/local/games:/usr/lib/wsl/lib:/mnt/c/Program Files/Common Files/Oracle/Java/javapath:/mnt/c/Program Files (x86)/Common Files/Oracle/Java/javapath:/mnt/c/Program Files (x86)/Intel/Intel(R) Management Engine Components/iCLS/:/mnt/c/Program Files/Intel/Intel(R) Management Engine Components/iCLS/:/mnt/c/windows/system32:/mnt/c/windows:/mnt/c/windows/System32/Wbem:/mnt/c/windows/System32/WindowsPowerShell/v1.0/:/mnt/c/windows/System32/OpenSSH/:/mnt/c/Program Files (x86)/Intel/Intel(R) Management Engine Components/DAL:/mnt/c/Program Files/Intel/Intel(R) Management Engine Components/DAL:/mnt/c/Program Files (x86)/NVIDIA Corporation/PhysX/Common:/mnt/c/Program Files/Intel/WiFi/bin/:/mnt/c/Program Files/Common Files/Intel/WirelessCommon/:/mnt/c/Program Files/Microsoft SQL Server/130/Tools/Binn/:/mnt/c/Program Files/Microsoft SQL Server/Client SDK/ODBC/170/Tools/Binn/:/mnt/c/WINDOWS/system32:/mnt/c/WINDOWS:/mnt/c/WINDOWS/System32/Wbem:/mnt/c/WINDOWS/System32/WindowsPowerShell/v1.0/:/mnt/c/WINDOWS/System32/OpenSSH/:/mnt/c/Program Files/dotnet/:/mnt/c/Program Files/mingw-w64/x86_64-8.1.0-posix-seh-rt_v6-rev0/mingw64/bin:/mnt/c/Users/User/AppData/Local/Microsoft/WindowsApps:/mnt/c/Users/User/.dotnet/tools:/mnt/c/Program Files/mingw-w64/x86_64-8.1.0-posix-seh-rt_v6-rev0/mingw64/bin:/mnt/c/Users/User/AppData/Local/Programs/Microsoft VS Code/bin:/mnt/c/Users/User/AppData/Local/GitHubDesktop/bin:/snap/bin
# environment
VSCODE_LOG_STACK = false
# environment
VSCODE_IPC_HOOK_CLI = /tmp/vscode-ipc-7d138572-4c4f-4205-be0c-1d161d67fee1.sock
# default
.FEATURES := target-specific order-only second-expansion else-if shortest-stem undefine oneshell archives jobserver output-sync check-symlink load
# automatic
%F = $(notdir $%)
# environment
VSCODE_PIPE_LOGGING = true
# environment
PWD = /home/rbabek/IFJ/ifj21/semantic analyzer
# default
.LOADED := 
# environment
WSL_INTEROP = /run/WSL/13_interop
# environment
VSCODE_AMD_ENTRYPOINT = vs/server/remoteExtensionHostProcess
# environment
HOME = /home/rbabek
# environment
LOGNAME = rbabek
# environment
APPLICATION_INSIGHTS_NO_DIAGNOSTIC_CHANNEL = true
# environment
VSCODE_HANDLES_UNCAUGHT_ERRORS = true
# automatic
^D = $(patsubst %/,%,$(dir $^))
# environment
MAKELEVEL := 0
# default
MAKE = $(MAKE_COMMAND)
# default
MAKECMDGOALS := all
# environment
SHLVL = 0
# makefile (from 'Makefile', line 9)
CC = gcc
# default
MAKE_VERSION := 4.2.1
# environment
USER = rbabek
# makefile
.DEFAULT_GOAL := all
# environment
NAME = Rado-PC
# automatic
%D = $(patsubst %/,%,$(dir $%))
# environment
VSCODE_WSL_EXT_LOCATION = /mnt/c/Users/User/.vscode/extensions/ms-vscode-remote.remote-wsl-0.58.5
# default
MAKE_COMMAND := make
# default
.VARIABLES := 
# automatic
*F = $(notdir $*)
# makefile
MAKEFLAGS = pqrR
# environment
MFLAGS = -pqrR
# automatic
*D = $(patsubst %/,%,$(dir $*))
# automatic
+D = $(patsubst %/,%,$(dir $+))
# automatic
+F = $(notdir $+)
# default
MAKEFILES := 
# automatic
<F = $(notdir $<)
# environment
LC_ALL = C
# environment
HOSTTYPE = x86_64
# automatic
^F = $(notdir $^)
# default
SUFFIXES := 
# default
.INCLUDE_DIRS = /usr/include /usr/local/include /usr/include
# environment
VSCODE_INJECT_NODE_MODULE_LOOKUP_PATH = /home/rbabek/.vscode-server/bin/ccbaa2d27e38e5afa3e5c21c1c7bef4657064247/remote/node_modules
# default
.RECIPEPREFIX := 
# environment
LANG = C
# environment
TERM = xterm-256color
# environment
VSCODE_EXTHOST_WILL_SEND_SOCKET = true
# environment
WSL_DISTRO_NAME = Ubuntu
# variable set hash-table stats:
# Load=68/1024=7%, Rehash=0, Collisions=6/94=6%

# Pattern-specific Variable Values

# No pattern-specific variable values.

# Directories

# . (device 2064, inode 86155): 17 files, no impossibilities.

# 17 files, no impossibilities in 1 directories.

# Implicit Rules

%.o: %.c %.h
#  recipe to execute (from 'Makefile', line 25):
	$(CC) $(CFLAGS) -c -o $@ $<

# 1 implicit rules, 0 (0.0%) terminal.

# Files

all: semantic
#  Command line target.
#  Implicit rule search has been done.
#  File does not exist.
#  File has been updated.
#  Successfully updated.

.PHONY: run test zip clean
#  Implicit rule search has not been done.
#  Modification time never checked.
#  File has not been updated.

zip:
#  Phony target (prerequisite of .PHONY).
#  Implicit rule search has not been done.
#  File does not exist.
#  File has not been updated.
#  recipe to execute (from 'Makefile', line 49):
	zip semantic.zip *.c *.h Makefile

# Not a target:
Makefile:
#  Implicit rule search has been done.
#  Last modified 2021-11-22 19:47:01.22
#  File has been updated.
#  Successfully updated.

symtable.o: symtable.c symtable.h
#  Implicit rule search has been done.
#  Implicit/static pattern stem: 'symtable'
#  Last modified 2021-11-22 19:44:04.86
#  File has been updated.
#  Successfully updated.
#  recipe to execute (from 'Makefile', line 25):
	$(CC) $(CFLAGS) -c -o $@ $<

test:
#  Phony target (prerequisite of .PHONY).
#  Implicit rule search has not been done.
#  File does not exist.
#  File has not been updated.
#  recipe to execute (from 'Makefile', line 35):
	@ $(MAKE) --no-print-directory
	@ valgrind --leak-check=full --show-leak-kinds=all ./semantic >_out.txt 2> _val.valgrind
	@ echo "Make test done"
	

semantic: tree.o symtable.o semantic.o
#  Implicit rule search has not been done.
#  Last modified 2021-11-22 19:46:20.98
#  File has been updated.
#  Successfully updated.
#  recipe to execute (from 'Makefile', line 20):
	$(CC) $(CFLAGS) $^ -o $@

semantic.o: semantic.c semantic.h
#  Implicit rule search has been done.
#  Implicit/static pattern stem: 'semantic'
#  Last modified 2021-11-22 19:46:20.86
#  File has been updated.
#  Successfully updated.
#  recipe to execute (from 'Makefile', line 25):
	$(CC) $(CFLAGS) -c -o $@ $<

# Not a target:
.DEFAULT:
#  Implicit rule search has not been done.
#  Modification time never checked.
#  File has not been updated.

tree.o: tree.c tree.h
#  Implicit rule search has been done.
#  Implicit/static pattern stem: 'tree'
#  Last modified 2021-11-22 19:44:04.8
#  File has been updated.
#  Successfully updated.
#  recipe to execute (from 'Makefile', line 25):
	$(CC) $(CFLAGS) -c -o $@ $<

# Not a target:
tree.c:
#  Implicit rule search has been done.
#  Last modified 2021-11-22 16:02:34.969
#  File has been updated.
#  Successfully updated.

# Not a target:
symtable.c:
#  Implicit rule search has been done.
#  Last modified 2021-11-22 19:41:26.88
#  File has been updated.
#  Successfully updated.

run:
#  Phony target (prerequisite of .PHONY).
#  Implicit rule search has not been done.
#  File does not exist.
#  File has not been updated.
#  recipe to execute (from 'Makefile', line 30):
	@ $(MAKE) --no-print-directory
	@ ./semantic > _out.txt
	@ echo "Make run done"

clean:
#  Phony target (prerequisite of .PHONY).
#  Implicit rule search has not been done.
#  File does not exist.
#  File has not been updated.
 
#  recipe to execute (from 'Makefile', line 52):
	@ rm -f *.o *.zip semantic _out.txt _val.valgrind vgcore.*
	@ echo "Files successfully removed"
	

# Not a target:
tree.h:
#  Implicit rule search has been done.
#  Last modified 2021-11-22 19:41:26.88
#  File has been updated.
#  Successfully updated.

# Not a target:
symtable.h:
#  Implicit rule search has been done.
#  Last modified 2021-11-22 19:41:26.88
#  File has been updated.
#  Successfully updated.

# Not a target:
semantic.c:
#  Implicit rule search has been done.
#  Last modified 2021-11-22 19:46:05.01
#  File has been updated.
#  Successfully updated.

# Not a target:
semantic.h:
#  Implicit rule search has been done.
#  Last modified 2021-11-22 19:41:26.88
#  File has been updated.
#  Successfully updated.

# files hash-table stats:
# Load=19/1024=2%, Rehash=0, Collisions=2/58=3%
# VPATH Search Paths

# No 'vpath' search paths.

# No general ('VPATH' variable) search path.

# strcache buffers: 1 (0) / strings = 32 / storage = 255 B / avg = 7 B
# current buf: size = 8162 B / used = 255 B / count = 32 / avg = 7 B

# strcache performance: lookups = 66 / hit rate = 51%
# hash-table stats:
# Load=32/8192=0%, Rehash=0, Collisions=1/66=2%
# Finished Make data base on Mon Nov 22 19:47:33 2021

 
